<?xml version="1.0" encoding="UTF-8"?>
<!-- Generated by org.testng.reporters.JUnitReportReporter -->
<testsuite skipped="0" hostname="vicky-THINK" name="servicensw.tests.searchTest" tests="2" failures="0" timestamp="20 Jan 2019 09:25:20 GMT" time="50.052" errors="0">
  <testcase name="searchLocateTest" time="27.759" classname="servicensw.tests.searchTest"/>
  <testcase name="searchLocateTest" time="22.293" classname="servicensw.tests.searchTest"/>
</testsuite> <!-- servicensw.tests.searchTest -->
